Build started 16-05-16 17:42:07.
     1>Project "C:\Users\nfili\Documents\Projects\DBMS_GG\DBMS_GG\DBMS_GG.vcxproj" on node 2 (Build target(s)).
     1>ClCompile:
         C:\Program Files (x86)\Microsoft Visual Studio 12.0\VC\bin\CL.exe /c /I"C:\Program Files\NVIDIA GPU Computing Toolkit\CUDA\v7.5\include" /ZI /nologo /W3 /WX- /Od /Oy- /D WIN32 /D _DEBUG /D _CONSOLE /D _MBCS /Gm /EHsc /RTC1 /MDd /GS /fp:precise /Zc:wchar_t /Zc:forScope /Fo"Debug\\" /Fd"Debug\vc120.pdb" /Gd /TP /analyze- /errorReport:prompt binMethod.cpp utilMethods.cpp
         utilMethods.cpp
         binMethod.cpp
     1>c:\users\nfili\documents\projects\dbms_gg\dbms_gg\binmethod.cpp(45): warning C4244: 'initializing' : conversion from 'double' to 'int', possible loss of data
         Generating Code...
       Link:
         C:\Program Files (x86)\Microsoft Visual Studio 12.0\VC\bin\link.exe /ERRORREPORT:PROMPT /OUT:"C:\Users\nfili\Documents\Projects\DBMS_GG\Debug\DBMS_GG.exe" /INCREMENTAL /NOLOGO /LIBPATH:"C:\Program Files\NVIDIA GPU Computing Toolkit\CUDA\v7.5\lib\Win32" cudart.lib kernel32.lib user32.lib gdi32.lib winspool.lib comdlg32.lib advapi32.lib shell32.lib ole32.lib oleaut32.lib uuid.lib odbc32.lib odbccp32.lib kernel32.lib user32.lib gdi32.lib winspool.lib comdlg32.lib advapi32.lib shell32.lib ole32.lib oleaut32.lib uuid.lib odbc32.lib odbccp32.lib /MANIFEST /MANIFESTUAC:"level='asInvoker' uiAccess='false'" /manifest:embed /DEBUG /PDB:"C:\Users\nfili\Documents\Projects\DBMS_GG\Debug\DBMS_GG.pdb" /SUBSYSTEM:CONSOLE /TLBID:1 /DYNAMICBASE /NXCOMPAT /IMPLIB:"C:\Users\nfili\Documents\Projects\DBMS_GG\Debug\DBMS_GG.lib" /MACHINE:X86 Debug\gpuMethods.cu.obj
         Debug\kernel_old.cu.obj
         Debug\binMethod.obj
         Debug\utilMethods.obj
         DBMS_GG.vcxproj -> C:\Users\nfili\Documents\Projects\DBMS_GG\Debug\DBMS_GG.exe
       PostBuildEvent:
         echo copy "C:\Program Files\NVIDIA GPU Computing Toolkit\CUDA\v7.5\bin\cudart*.dll" "C:\Users\nfili\Documents\Projects\DBMS_GG\Debug\"
         copy "C:\Program Files\NVIDIA GPU Computing Toolkit\CUDA\v7.5\bin\cudart*.dll" "C:\Users\nfili\Documents\Projects\DBMS_GG\Debug\"
         :VCEnd
         copy "C:\Program Files\NVIDIA GPU Computing Toolkit\CUDA\v7.5\bin\cudart*.dll" "C:\Users\nfili\Documents\Projects\DBMS_GG\Debug\"
         C:\Program Files\NVIDIA GPU Computing Toolkit\CUDA\v7.5\bin\cudart32_75.dll
         C:\Program Files\NVIDIA GPU Computing Toolkit\CUDA\v7.5\bin\cudart64_75.dll
                 2 fichier(s) copié(s).
     1>Done Building Project "C:\Users\nfili\Documents\Projects\DBMS_GG\DBMS_GG\DBMS_GG.vcxproj" (Build target(s)).

Build succeeded.

Time Elapsed 00:00:00.44
